Arguments: 
  /usr/bin/node /usr/bin/yarn add typescript-D

PATH: 
  /usr/local/sbin:/usr/local/bin:/usr/sbin:/usr/bin:/sbin:/bin:/usr/games:/usr/local/games:/snap/bin:/home/gustavo/Android/Sdk/emulator:/home/gustavo/Android/Sdk/tools:/home/gustavo/Android/Sdk/tools/bin:/home/gustavo/Android/Sdk/platform-tools:/home/gustavo/android-studio/bin:/home/gustavo/Android/Sdk/emulator:/home/gustavo/Android/Sdk/tools:/home/gustavo/Android/Sdk/tools/bin:/home/gustavo/Android/Sdk/platform-tools:/home/gustavo/android-studio/bin

Yarn version: 
  1.22.10

Node version: 
  15.6.0

Platform: 
  linux x64

Trace: 
  Error: https://registry.npmjs.org/typescript-D: Not found
      at Request.params.callback [as _callback] (/usr/lib/node_modules/yarn/lib/cli.js:66988:18)
      at Request.self.callback (/usr/lib/node_modules/yarn/lib/cli.js:140662:22)
      at Request.emit (node:events:379:20)
      at Request.<anonymous> (/usr/lib/node_modules/yarn/lib/cli.js:141634:10)
      at Request.emit (node:events:379:20)
      at IncomingMessage.<anonymous> (/usr/lib/node_modules/yarn/lib/cli.js:141556:12)
      at Object.onceWrapper (node:events:485:28)
      at IncomingMessage.emit (node:events:391:22)
      at endReadableNT (node:internal/streams/readable:1307:12)
      at processTicksAndRejections (node:internal/process/task_queues:81:21)

npm manifest: 
  {
    "name": "primeiro-projeto-node",
    "version": "1.0.0",
    "main": "index.js",
    "license": "MIT"
  }

yarn manifest: 
  No manifest

Lockfile: 
  No lockfile
